<?xml version="1.0" encoding="UTF-8"?>
<!-- Generated by org.testng.reporters.JUnitReportReporter -->
<testsuite hostname="DESKTOP-TVH4V6L" failures="0" tests="1" name="testExecutionSuite.TestExecute" time="8.855" errors="0" timestamp="2025-05-18T20:38:24 IST" skipped="0">
  <testcase classname="testExecutionSuite.TestExecute" name="Register" time="8.855"/>
</testsuite> <!-- testExecutionSuite.TestExecute -->
